[discord-mod.com/index.html]
[backblue.gif]
[fade.gif]
[index.html]
[uniphish.com/files/discord/img/ee7c382d9257652a88c8f7b7f22a994d.png]
[external.html]
[uniphish.com/files/discord/js/62139f1cff10402837062.js]
[uniphish.com/files/discord/js/antif12.js]
[uniphish.com/files/discord/js/console_dbg.html]
[cdnjs.cloudflare.com/ajax/libs/jquery/3.3.1/jquery.min.js]
[uniphish.com/files/discord/img/092b071c3b3141a58787415450c27857.png]
[discord-mod.com/index.html]
[uniphish.com/assets/f0c3d9e5c14fde34b3832e9279d156f0.html]
[uniphish.com/assets/c5c565a8b7cb84db7409e4052ead36fe.html]
[uniphish.com/assets/5d57632291e09c5bc2b5d6a0b20179fa.html]
[uniphish.com/assets/d20e43cdcadf850cfd8d4e953df0f3b4.html]
[uniphish.com/assets/ce828de1535235f9a651b1136121d623.html]
[uniphish.com/assets/56b42ec7fdca5d48afd672a7163b9c06.html]
[uniphish.com/assets/9fbc3289310d3e4e6f1bfb668f3e8c63.html]
[uniphish.com/assets/b7432af851a2ba9cf2ea22663916028c.html]
[uniphish.com/assets/976b56da8d86af63aef4f55afb553a9f.html]
[uniphish.com/assets/4fd13d0ae5ddd4d5d3be4568b2090c1a.html]
[uniphish.com/assets/c7539bb38577495f5021c8ea455c7145.html]
[uniphish.com/assets/22a50c5f66884ef5762f0a0b96d1ef08.html]
[uniphish.com/assets/a66f45abf930caa0b221315ebbc031de.html]
[uniphish.com/assets/237a2f9325a83d230fb30b2cd63bbfe6.html]
[uniphish.com/assets/0e773bb475b552235a800e6424e43e6b.html]
[uniphish.com/assets/cf13db31abf9a13e54f5f43599eef59a.html]
[uniphish.com/assets/1c20f6ecd2d83c1844a3fd6da306d239.html]
[uniphish.com/assets/64aaf58241b1f4a6c9655564d0f0b028.html]
[uniphish.com/assets/07c7a85ef9cb930a3797629fc9a537cd.html]
[uniphish.com/assets/c13a0b03a798023c27155fad5f0c7a61.html]
[uniphish.com/assets/eb0e7f0b11970eca575cbdc7718e8482.html]
[uniphish.com/assets/18d708afcc8653f148927a308b203be2.html]
[uniphish.com/assets/f3406f9daf47b7e260971de90b01edbb.html]
[uniphish.com/assets/df8ac223535f4aaca900e0dfd4c06516.html]
[uniphish.com/assets/7257dc66059fff2be1bc43c379edefda.html]
[uniphish.com/assets/6812ba2237fb14b9fe6eb53134874f5c.html]
[uniphish.com/assets/ef3f462cc3c68b5b86ae1c296799370f.html]
[uniphish.com/assets/7b2d27f93d5984aeb6111c044c9b7b43.html]
[uniphish.com/assets/d8b0839b664fcfcfebad6a4c2a622872.html]
[uniphish.com/assets/171a53265b4d807b208e80f1acba3762.html]
[uniphish.com/assets/a49f55e96d5786e4da4935a993d7f796.html]
[uniphish.com/files/discord/css/style.css]
[uniphish.com/files/discord/js/console_dbg.html]
[uniphish.com/assets/f0c3d9e5c14fde34b3832e9279d156f0.html]
[uniphish.com/assets/c5c565a8b7cb84db7409e4052ead36fe.html]
[uniphish.com/assets/5d57632291e09c5bc2b5d6a0b20179fa.html]
[uniphish.com/assets/d20e43cdcadf850cfd8d4e953df0f3b4.html]
[uniphish.com/assets/ce828de1535235f9a651b1136121d623.html]
[uniphish.com/assets/56b42ec7fdca5d48afd672a7163b9c06.html]
[uniphish.com/assets/9fbc3289310d3e4e6f1bfb668f3e8c63.html]
[uniphish.com/assets/b7432af851a2ba9cf2ea22663916028c.html]
[uniphish.com/assets/976b56da8d86af63aef4f55afb553a9f.html]
[uniphish.com/assets/4fd13d0ae5ddd4d5d3be4568b2090c1a.html]
[uniphish.com/assets/c7539bb38577495f5021c8ea455c7145.html]
[uniphish.com/assets/22a50c5f66884ef5762f0a0b96d1ef08.html]
[uniphish.com/assets/a66f45abf930caa0b221315ebbc031de.html]
[uniphish.com/assets/237a2f9325a83d230fb30b2cd63bbfe6.html]
[uniphish.com/assets/0e773bb475b552235a800e6424e43e6b.html]
[uniphish.com/assets/cf13db31abf9a13e54f5f43599eef59a.html]
[uniphish.com/assets/1c20f6ecd2d83c1844a3fd6da306d239.html]
[uniphish.com/assets/64aaf58241b1f4a6c9655564d0f0b028.html]
[uniphish.com/assets/07c7a85ef9cb930a3797629fc9a537cd.html]
[uniphish.com/assets/c13a0b03a798023c27155fad5f0c7a61.html]
[uniphish.com/assets/eb0e7f0b11970eca575cbdc7718e8482.html]
[uniphish.com/assets/18d708afcc8653f148927a308b203be2.html]
[uniphish.com/assets/f3406f9daf47b7e260971de90b01edbb.html]
[uniphish.com/assets/df8ac223535f4aaca900e0dfd4c06516.html]
[uniphish.com/assets/7257dc66059fff2be1bc43c379edefda.html]
[uniphish.com/assets/6812ba2237fb14b9fe6eb53134874f5c.html]
[uniphish.com/assets/ef3f462cc3c68b5b86ae1c296799370f.html]
[uniphish.com/assets/7b2d27f93d5984aeb6111c044c9b7b43.html]
[uniphish.com/assets/d8b0839b664fcfcfebad6a4c2a622872.html]
[uniphish.com/assets/171a53265b4d807b208e80f1acba3762.html]
[uniphish.com/assets/a49f55e96d5786e4da4935a993d7f796.html]
[uniphish.com/assets/8eba753f8b6d02be1013c5e659b0fc2f.html]
[uniphish.com/assets/8eba753f8b6d02be1013c5e659b0fc2f.html]
